DEB [20170829-22:16:14.510] thr=1   paramiko.transport: starting thread (client mode): 0x5025e30L
DEB [20170829-22:16:14.512] thr=1   paramiko.transport: Local version/idstring: SSH-2.0-paramiko_2.0.2
DEB [20170829-22:16:14.520] thr=1   paramiko.transport: Remote version/idstring: SSH-2.0-OpenSSH_5.3
INF [20170829-22:16:14.520] thr=1   paramiko.transport: Connected (version 2.0, client OpenSSH_5.3)
DEB [20170829-22:16:14.523] thr=1   paramiko.transport: kex algos:[u'diffie-hellman-group-exchange-sha256', u'diffie-hellman-group-exchange-sha1', u'diffie-hellman-group14-sha1', u'diffie-hellman-group1-sha1'] server key:[u'ssh-rsa', u'ssh-dss'] client encrypt:[u'aes128-ctr', u'aes192-ctr', u'aes256-ctr', u'arcfour256', u'arcfour128', u'aes128-cbc', u'3des-cbc', u'blowfish-cbc', u'cast128-cbc', u'aes192-cbc', u'aes256-cbc', u'arcfour', u'rijndael-cbc@lysator.liu.se'] server encrypt:[u'aes128-ctr', u'aes192-ctr', u'aes256-ctr', u'arcfour256', u'arcfour128', u'aes128-cbc', u'3des-cbc', u'blowfish-cbc', u'cast128-cbc', u'aes192-cbc', u'aes256-cbc', u'arcfour', u'rijndael-cbc@lysator.liu.se'] client mac:[u'hmac-md5', u'hmac-sha1', u'umac-64@openssh.com', u'hmac-sha2-256', u'hmac-sha2-512', u'hmac-ripemd160', u'hmac-ripemd160@openssh.com', u'hmac-sha1-96', u'hmac-md5-96'] server mac:[u'hmac-md5', u'hmac-sha1', u'umac-64@openssh.com', u'hmac-sha2-256', u'hmac-sha2-512', u'hmac-ripemd160', u'hmac-ripemd160@openssh.com', u'hmac-sha1-96', u'hmac-md5-96'] client compress:[u'none', u'zlib@openssh.com'] server compress:[u'none', u'zlib@openssh.com'] client lang:[u''] server lang:[u''] kex follows?False
DEB [20170829-22:16:14.523] thr=1   paramiko.transport: Kex agreed: diffie-hellman-group1-sha1
DEB [20170829-22:16:14.523] thr=1   paramiko.transport: Cipher agreed: aes128-ctr
DEB [20170829-22:16:14.523] thr=1   paramiko.transport: MAC agreed: hmac-sha2-256
DEB [20170829-22:16:14.523] thr=1   paramiko.transport: Compression agreed: none
DEB [20170829-22:16:14.595] thr=1   paramiko.transport: kex engine KexGroup1 specified hash_algo <built-in function openssl_sha1>
DEB [20170829-22:16:14.595] thr=1   paramiko.transport: Switch to new keys ...
DEB [20170829-22:16:14.596] thr=2   paramiko.transport: Adding ssh-rsa host key for 192.168.1.11: 6603bbd6c6af0d29871c644c2336656c
DEB [20170829-22:16:14.635] thr=1   paramiko.transport: userauth is OK
INF [20170829-22:16:14.654] thr=1   paramiko.transport: Authentication (password) successful!
DEB [20170829-22:16:14.667] thr=2   paramiko.transport: [chan 0] Max packet in: 32768 bytes
DEB [20170829-22:16:14.756] thr=1   paramiko.transport: [chan 0] Max packet out: 32768 bytes
DEB [20170829-22:16:14.756] thr=1   paramiko.transport: Secsh channel 0 opened.
DEB [20170829-22:16:14.769] thr=1   paramiko.transport: [chan 0] Sesch channel 0 request ok
DEB [20170829-22:16:14.963] thr=1   paramiko.transport: [chan 0] EOF received (0)
DEB [20170829-22:16:15.009] thr=1   paramiko.transport: starting thread (client mode): 0x5025e30L
DEB [20170829-22:16:15.009] thr=1   paramiko.transport: Local version/idstring: SSH-2.0-paramiko_2.0.2
DEB [20170829-22:16:15.010] thr=1   paramiko.transport: Remote version/idstring: SSH-2.0-OpenSSH_5.3
INF [20170829-22:16:15.010] thr=1   paramiko.transport: Connected (version 2.0, client OpenSSH_5.3)
DEB [20170829-22:16:15.012] thr=1   paramiko.transport: kex algos:[u'diffie-hellman-group-exchange-sha256', u'diffie-hellman-group-exchange-sha1', u'diffie-hellman-group14-sha1', u'diffie-hellman-group1-sha1'] server key:[u'ssh-rsa', u'ssh-dss'] client encrypt:[u'aes128-ctr', u'aes192-ctr', u'aes256-ctr', u'arcfour256', u'arcfour128', u'aes128-cbc', u'3des-cbc', u'blowfish-cbc', u'cast128-cbc', u'aes192-cbc', u'aes256-cbc', u'arcfour', u'rijndael-cbc@lysator.liu.se'] server encrypt:[u'aes128-ctr', u'aes192-ctr', u'aes256-ctr', u'arcfour256', u'arcfour128', u'aes128-cbc', u'3des-cbc', u'blowfish-cbc', u'cast128-cbc', u'aes192-cbc', u'aes256-cbc', u'arcfour', u'rijndael-cbc@lysator.liu.se'] client mac:[u'hmac-md5', u'hmac-sha1', u'umac-64@openssh.com', u'hmac-sha2-256', u'hmac-sha2-512', u'hmac-ripemd160', u'hmac-ripemd160@openssh.com', u'hmac-sha1-96', u'hmac-md5-96'] server mac:[u'hmac-md5', u'hmac-sha1', u'umac-64@openssh.com', u'hmac-sha2-256', u'hmac-sha2-512', u'hmac-ripemd160', u'hmac-ripemd160@openssh.com', u'hmac-sha1-96', u'hmac-md5-96'] client compress:[u'none', u'zlib@openssh.com'] server compress:[u'none', u'zlib@openssh.com'] client lang:[u''] server lang:[u''] kex follows?False
DEB [20170829-22:16:15.013] thr=1   paramiko.transport: Kex agreed: diffie-hellman-group1-sha1
DEB [20170829-22:16:15.013] thr=1   paramiko.transport: Cipher agreed: aes128-ctr
DEB [20170829-22:16:15.013] thr=1   paramiko.transport: MAC agreed: hmac-sha2-256
DEB [20170829-22:16:15.013] thr=1   paramiko.transport: Compression agreed: none
DEB [20170829-22:16:15.076] thr=1   paramiko.transport: kex engine KexGroup1 specified hash_algo <built-in function openssl_sha1>
DEB [20170829-22:16:15.078] thr=1   paramiko.transport: Switch to new keys ...
DEB [20170829-22:16:15.109] thr=3   paramiko.transport: Adding ssh-rsa host key for 192.168.1.11: 6603bbd6c6af0d29871c644c2336656c
DEB [20170829-22:16:15.118] thr=1   paramiko.transport: userauth is OK
INF [20170829-22:16:15.134] thr=1   paramiko.transport: Authentication (password) successful!
DEB [20170829-22:16:15.147] thr=3   paramiko.transport: [chan 0] Max packet in: 32768 bytes
DEB [20170829-22:16:15.255] thr=1   paramiko.transport: [chan 0] Max packet out: 32768 bytes
DEB [20170829-22:16:15.255] thr=1   paramiko.transport: Secsh channel 0 opened.
DEB [20170829-22:16:15.259] thr=1   paramiko.transport: [chan 0] Sesch channel 0 request ok
DEB [20170829-22:16:15.385] thr=1   paramiko.transport: [chan 0] EOF received (0)
DEB [20170829-22:16:27.321] thr=4   paramiko.transport: starting thread (client mode): 0x51d6a90L
DEB [20170829-22:16:27.321] thr=4   paramiko.transport: Local version/idstring: SSH-2.0-paramiko_2.0.2
DEB [20170829-22:16:27.328] thr=4   paramiko.transport: Remote version/idstring: SSH-2.0-OpenSSH_5.3
INF [20170829-22:16:27.328] thr=4   paramiko.transport: Connected (version 2.0, client OpenSSH_5.3)
DEB [20170829-22:16:27.329] thr=4   paramiko.transport: kex algos:[u'diffie-hellman-group-exchange-sha256', u'diffie-hellman-group-exchange-sha1', u'diffie-hellman-group14-sha1', u'diffie-hellman-group1-sha1'] server key:[u'ssh-rsa', u'ssh-dss'] client encrypt:[u'aes128-ctr', u'aes192-ctr', u'aes256-ctr', u'arcfour256', u'arcfour128', u'aes128-cbc', u'3des-cbc', u'blowfish-cbc', u'cast128-cbc', u'aes192-cbc', u'aes256-cbc', u'arcfour', u'rijndael-cbc@lysator.liu.se'] server encrypt:[u'aes128-ctr', u'aes192-ctr', u'aes256-ctr', u'arcfour256', u'arcfour128', u'aes128-cbc', u'3des-cbc', u'blowfish-cbc', u'cast128-cbc', u'aes192-cbc', u'aes256-cbc', u'arcfour', u'rijndael-cbc@lysator.liu.se'] client mac:[u'hmac-md5', u'hmac-sha1', u'umac-64@openssh.com', u'hmac-sha2-256', u'hmac-sha2-512', u'hmac-ripemd160', u'hmac-ripemd160@openssh.com', u'hmac-sha1-96', u'hmac-md5-96'] server mac:[u'hmac-md5', u'hmac-sha1', u'umac-64@openssh.com', u'hmac-sha2-256', u'hmac-sha2-512', u'hmac-ripemd160', u'hmac-ripemd160@openssh.com', u'hmac-sha1-96', u'hmac-md5-96'] client compress:[u'none', u'zlib@openssh.com'] server compress:[u'none', u'zlib@openssh.com'] client lang:[u''] server lang:[u''] kex follows?False
DEB [20170829-22:16:27.329] thr=4   paramiko.transport: Kex agreed: diffie-hellman-group1-sha1
DEB [20170829-22:16:27.329] thr=4   paramiko.transport: Cipher agreed: aes128-ctr
DEB [20170829-22:16:27.329] thr=4   paramiko.transport: MAC agreed: hmac-sha2-256
DEB [20170829-22:16:27.329] thr=4   paramiko.transport: Compression agreed: none
DEB [20170829-22:16:27.372] thr=4   paramiko.transport: kex engine KexGroup1 specified hash_algo <built-in function openssl_sha1>
DEB [20170829-22:16:27.372] thr=4   paramiko.transport: Switch to new keys ...
DEB [20170829-22:16:27.388] thr=5   paramiko.transport: Adding ssh-rsa host key for 192.168.1.11: 6603bbd6c6af0d29871c644c2336656c
DEB [20170829-22:16:27.413] thr=4   paramiko.transport: userauth is OK
INF [20170829-22:16:27.427] thr=4   paramiko.transport: Authentication (password) successful!
DEB [20170829-22:16:27.457] thr=5   paramiko.transport: [chan 0] Max packet in: 32768 bytes
DEB [20170829-22:16:27.513] thr=4   paramiko.transport: [chan 0] Max packet out: 32768 bytes
DEB [20170829-22:16:27.513] thr=4   paramiko.transport: Secsh channel 0 opened.
DEB [20170829-22:16:27.525] thr=4   paramiko.transport: [chan 0] Sesch channel 0 request ok
DEB [20170829-22:16:27.631] thr=4   paramiko.transport: [chan 0] EOF received (0)
DEB [20170829-22:17:01.486] thr=6   paramiko.transport: starting thread (client mode): 0x5244bf0L
DEB [20170829-22:17:01.486] thr=6   paramiko.transport: Local version/idstring: SSH-2.0-paramiko_2.0.2
DEB [20170829-22:17:01.493] thr=6   paramiko.transport: Remote version/idstring: SSH-2.0-OpenSSH_5.3
INF [20170829-22:17:01.493] thr=6   paramiko.transport: Connected (version 2.0, client OpenSSH_5.3)
DEB [20170829-22:17:01.493] thr=6   paramiko.transport: kex algos:[u'diffie-hellman-group-exchange-sha256', u'diffie-hellman-group-exchange-sha1', u'diffie-hellman-group14-sha1', u'diffie-hellman-group1-sha1'] server key:[u'ssh-rsa', u'ssh-dss'] client encrypt:[u'aes128-ctr', u'aes192-ctr', u'aes256-ctr', u'arcfour256', u'arcfour128', u'aes128-cbc', u'3des-cbc', u'blowfish-cbc', u'cast128-cbc', u'aes192-cbc', u'aes256-cbc', u'arcfour', u'rijndael-cbc@lysator.liu.se'] server encrypt:[u'aes128-ctr', u'aes192-ctr', u'aes256-ctr', u'arcfour256', u'arcfour128', u'aes128-cbc', u'3des-cbc', u'blowfish-cbc', u'cast128-cbc', u'aes192-cbc', u'aes256-cbc', u'arcfour', u'rijndael-cbc@lysator.liu.se'] client mac:[u'hmac-md5', u'hmac-sha1', u'umac-64@openssh.com', u'hmac-sha2-256', u'hmac-sha2-512', u'hmac-ripemd160', u'hmac-ripemd160@openssh.com', u'hmac-sha1-96', u'hmac-md5-96'] server mac:[u'hmac-md5', u'hmac-sha1', u'umac-64@openssh.com', u'hmac-sha2-256', u'hmac-sha2-512', u'hmac-ripemd160', u'hmac-ripemd160@openssh.com', u'hmac-sha1-96', u'hmac-md5-96'] client compress:[u'none', u'zlib@openssh.com'] server compress:[u'none', u'zlib@openssh.com'] client lang:[u''] server lang:[u''] kex follows?False
DEB [20170829-22:17:01.493] thr=6   paramiko.transport: Kex agreed: diffie-hellman-group1-sha1
DEB [20170829-22:17:01.493] thr=6   paramiko.transport: Cipher agreed: aes128-ctr
DEB [20170829-22:17:01.493] thr=6   paramiko.transport: MAC agreed: hmac-sha2-256
DEB [20170829-22:17:01.493] thr=6   paramiko.transport: Compression agreed: none
DEB [20170829-22:17:01.536] thr=6   paramiko.transport: kex engine KexGroup1 specified hash_algo <built-in function openssl_sha1>
DEB [20170829-22:17:01.538] thr=6   paramiko.transport: Switch to new keys ...
DEB [20170829-22:17:01.552] thr=7   paramiko.transport: Adding ssh-rsa host key for 192.168.1.11: 6603bbd6c6af0d29871c644c2336656c
DEB [20170829-22:17:01.578] thr=6   paramiko.transport: userauth is OK
INF [20170829-22:17:01.592] thr=6   paramiko.transport: Authentication (password) successful!
DEB [20170829-22:17:01.621] thr=7   paramiko.transport: [chan 0] Max packet in: 32768 bytes
DEB [20170829-22:17:01.684] thr=6   paramiko.transport: [chan 0] Max packet out: 32768 bytes
DEB [20170829-22:17:01.684] thr=6   paramiko.transport: Secsh channel 0 opened.
DEB [20170829-22:17:01.690] thr=6   paramiko.transport: [chan 0] Sesch channel 0 request ok
DEB [20170829-22:17:01.773] thr=6   paramiko.transport: [chan 0] EOF received (0)
DEB [20170829-22:23:26.931] thr=8   paramiko.transport: starting thread (client mode): 0x5244630L
DEB [20170829-22:23:26.931] thr=8   paramiko.transport: Local version/idstring: SSH-2.0-paramiko_2.0.2
DEB [20170829-22:23:26.940] thr=8   paramiko.transport: Remote version/idstring: SSH-2.0-OpenSSH_5.3
INF [20170829-22:23:26.940] thr=8   paramiko.transport: Connected (version 2.0, client OpenSSH_5.3)
DEB [20170829-22:23:26.941] thr=8   paramiko.transport: kex algos:[u'diffie-hellman-group-exchange-sha256', u'diffie-hellman-group-exchange-sha1', u'diffie-hellman-group14-sha1', u'diffie-hellman-group1-sha1'] server key:[u'ssh-rsa', u'ssh-dss'] client encrypt:[u'aes128-ctr', u'aes192-ctr', u'aes256-ctr', u'arcfour256', u'arcfour128', u'aes128-cbc', u'3des-cbc', u'blowfish-cbc', u'cast128-cbc', u'aes192-cbc', u'aes256-cbc', u'arcfour', u'rijndael-cbc@lysator.liu.se'] server encrypt:[u'aes128-ctr', u'aes192-ctr', u'aes256-ctr', u'arcfour256', u'arcfour128', u'aes128-cbc', u'3des-cbc', u'blowfish-cbc', u'cast128-cbc', u'aes192-cbc', u'aes256-cbc', u'arcfour', u'rijndael-cbc@lysator.liu.se'] client mac:[u'hmac-md5', u'hmac-sha1', u'umac-64@openssh.com', u'hmac-sha2-256', u'hmac-sha2-512', u'hmac-ripemd160', u'hmac-ripemd160@openssh.com', u'hmac-sha1-96', u'hmac-md5-96'] server mac:[u'hmac-md5', u'hmac-sha1', u'umac-64@openssh.com', u'hmac-sha2-256', u'hmac-sha2-512', u'hmac-ripemd160', u'hmac-ripemd160@openssh.com', u'hmac-sha1-96', u'hmac-md5-96'] client compress:[u'none', u'zlib@openssh.com'] server compress:[u'none', u'zlib@openssh.com'] client lang:[u''] server lang:[u''] kex follows?False
DEB [20170829-22:23:26.941] thr=8   paramiko.transport: Kex agreed: diffie-hellman-group1-sha1
DEB [20170829-22:23:26.941] thr=8   paramiko.transport: Cipher agreed: aes128-ctr
DEB [20170829-22:23:26.941] thr=8   paramiko.transport: MAC agreed: hmac-sha2-256
DEB [20170829-22:23:26.941] thr=8   paramiko.transport: Compression agreed: none
DEB [20170829-22:23:26.983] thr=8   paramiko.transport: kex engine KexGroup1 specified hash_algo <built-in function openssl_sha1>
DEB [20170829-22:23:26.983] thr=8   paramiko.transport: Switch to new keys ...
DEB [20170829-22:23:27.016] thr=9   paramiko.transport: Adding ssh-rsa host key for 192.168.1.11: 6603bbd6c6af0d29871c644c2336656c
DEB [20170829-22:23:27.023] thr=8   paramiko.transport: userauth is OK
INF [20170829-22:23:27.039] thr=8   paramiko.transport: Authentication (password) successful!
DEB [20170829-22:23:27.052] thr=9   paramiko.transport: [chan 0] Max packet in: 32768 bytes
DEB [20170829-22:23:27.125] thr=8   paramiko.transport: [chan 0] Max packet out: 32768 bytes
DEB [20170829-22:23:27.125] thr=8   paramiko.transport: Secsh channel 0 opened.
DEB [20170829-22:23:27.151] thr=8   paramiko.transport: [chan 0] Sesch channel 0 request ok
DEB [20170829-22:23:27.243] thr=8   paramiko.transport: [chan 0] EOF received (0)
DEB [20170829-22:23:28.128] thr=10  paramiko.transport: starting thread (client mode): 0x52444d0L
DEB [20170829-22:23:28.128] thr=10  paramiko.transport: Local version/idstring: SSH-2.0-paramiko_2.0.2
DEB [20170829-22:23:28.134] thr=10  paramiko.transport: Remote version/idstring: SSH-2.0-OpenSSH_5.3
INF [20170829-22:23:28.134] thr=10  paramiko.transport: Connected (version 2.0, client OpenSSH_5.3)
DEB [20170829-22:23:28.135] thr=10  paramiko.transport: kex algos:[u'diffie-hellman-group-exchange-sha256', u'diffie-hellman-group-exchange-sha1', u'diffie-hellman-group14-sha1', u'diffie-hellman-group1-sha1'] server key:[u'ssh-rsa', u'ssh-dss'] client encrypt:[u'aes128-ctr', u'aes192-ctr', u'aes256-ctr', u'arcfour256', u'arcfour128', u'aes128-cbc', u'3des-cbc', u'blowfish-cbc', u'cast128-cbc', u'aes192-cbc', u'aes256-cbc', u'arcfour', u'rijndael-cbc@lysator.liu.se'] server encrypt:[u'aes128-ctr', u'aes192-ctr', u'aes256-ctr', u'arcfour256', u'arcfour128', u'aes128-cbc', u'3des-cbc', u'blowfish-cbc', u'cast128-cbc', u'aes192-cbc', u'aes256-cbc', u'arcfour', u'rijndael-cbc@lysator.liu.se'] client mac:[u'hmac-md5', u'hmac-sha1', u'umac-64@openssh.com', u'hmac-sha2-256', u'hmac-sha2-512', u'hmac-ripemd160', u'hmac-ripemd160@openssh.com', u'hmac-sha1-96', u'hmac-md5-96'] server mac:[u'hmac-md5', u'hmac-sha1', u'umac-64@openssh.com', u'hmac-sha2-256', u'hmac-sha2-512', u'hmac-ripemd160', u'hmac-ripemd160@openssh.com', u'hmac-sha1-96', u'hmac-md5-96'] client compress:[u'none', u'zlib@openssh.com'] server compress:[u'none', u'zlib@openssh.com'] client lang:[u''] server lang:[u''] kex follows?False
DEB [20170829-22:23:28.135] thr=10  paramiko.transport: Kex agreed: diffie-hellman-group1-sha1
DEB [20170829-22:23:28.135] thr=10  paramiko.transport: Cipher agreed: aes128-ctr
DEB [20170829-22:23:28.135] thr=10  paramiko.transport: MAC agreed: hmac-sha2-256
DEB [20170829-22:23:28.137] thr=10  paramiko.transport: Compression agreed: none
DEB [20170829-22:23:28.177] thr=10  paramiko.transport: kex engine KexGroup1 specified hash_algo <built-in function openssl_sha1>
DEB [20170829-22:23:28.177] thr=10  paramiko.transport: Switch to new keys ...
DEB [20170829-22:23:28.193] thr=11  paramiko.transport: Adding ssh-rsa host key for 192.168.1.11: 6603bbd6c6af0d29871c644c2336656c
DEB [20170829-22:23:28.217] thr=10  paramiko.transport: userauth is OK
INF [20170829-22:23:28.230] thr=10  paramiko.transport: Authentication (password) successful!
DEB [20170829-22:23:28.259] thr=11  paramiko.transport: [chan 0] Max packet in: 32768 bytes
DEB [20170829-22:23:28.323] thr=10  paramiko.transport: [chan 0] Max packet out: 32768 bytes
DEB [20170829-22:23:28.325] thr=10  paramiko.transport: Secsh channel 0 opened.
DEB [20170829-22:23:28.326] thr=10  paramiko.transport: [chan 0] Sesch channel 0 request ok
DEB [20170829-22:23:28.407] thr=10  paramiko.transport: [chan 0] EOF received (0)
DEB [20170829-22:23:29.730] thr=12  paramiko.transport: starting thread (client mode): 0x5245a90L
DEB [20170829-22:23:29.730] thr=12  paramiko.transport: Local version/idstring: SSH-2.0-paramiko_2.0.2
DEB [20170829-22:23:29.736] thr=12  paramiko.transport: Remote version/idstring: SSH-2.0-OpenSSH_5.3
INF [20170829-22:23:29.736] thr=12  paramiko.transport: Connected (version 2.0, client OpenSSH_5.3)
DEB [20170829-22:23:29.739] thr=12  paramiko.transport: kex algos:[u'diffie-hellman-group-exchange-sha256', u'diffie-hellman-group-exchange-sha1', u'diffie-hellman-group14-sha1', u'diffie-hellman-group1-sha1'] server key:[u'ssh-rsa', u'ssh-dss'] client encrypt:[u'aes128-ctr', u'aes192-ctr', u'aes256-ctr', u'arcfour256', u'arcfour128', u'aes128-cbc', u'3des-cbc', u'blowfish-cbc', u'cast128-cbc', u'aes192-cbc', u'aes256-cbc', u'arcfour', u'rijndael-cbc@lysator.liu.se'] server encrypt:[u'aes128-ctr', u'aes192-ctr', u'aes256-ctr', u'arcfour256', u'arcfour128', u'aes128-cbc', u'3des-cbc', u'blowfish-cbc', u'cast128-cbc', u'aes192-cbc', u'aes256-cbc', u'arcfour', u'rijndael-cbc@lysator.liu.se'] client mac:[u'hmac-md5', u'hmac-sha1', u'umac-64@openssh.com', u'hmac-sha2-256', u'hmac-sha2-512', u'hmac-ripemd160', u'hmac-ripemd160@openssh.com', u'hmac-sha1-96', u'hmac-md5-96'] server mac:[u'hmac-md5', u'hmac-sha1', u'umac-64@openssh.com', u'hmac-sha2-256', u'hmac-sha2-512', u'hmac-ripemd160', u'hmac-ripemd160@openssh.com', u'hmac-sha1-96', u'hmac-md5-96'] client compress:[u'none', u'zlib@openssh.com'] server compress:[u'none', u'zlib@openssh.com'] client lang:[u''] server lang:[u''] kex follows?False
DEB [20170829-22:23:29.739] thr=12  paramiko.transport: Kex agreed: diffie-hellman-group1-sha1
DEB [20170829-22:23:29.739] thr=12  paramiko.transport: Cipher agreed: aes128-ctr
DEB [20170829-22:23:29.739] thr=12  paramiko.transport: MAC agreed: hmac-sha2-256
DEB [20170829-22:23:29.739] thr=12  paramiko.transport: Compression agreed: none
DEB [20170829-22:23:29.783] thr=12  paramiko.transport: kex engine KexGroup1 specified hash_algo <built-in function openssl_sha1>
DEB [20170829-22:23:29.783] thr=12  paramiko.transport: Switch to new keys ...
DEB [20170829-22:23:29.799] thr=13  paramiko.transport: Adding ssh-rsa host key for 192.168.1.11: 6603bbd6c6af0d29871c644c2336656c
DEB [20170829-22:23:29.825] thr=12  paramiko.transport: userauth is OK
INF [20170829-22:23:29.841] thr=12  paramiko.transport: Authentication (password) successful!
DEB [20170829-22:23:29.868] thr=13  paramiko.transport: [chan 0] Max packet in: 32768 bytes
DEB [20170829-22:23:29.966] thr=12  paramiko.transport: [chan 0] Max packet out: 32768 bytes
DEB [20170829-22:23:29.967] thr=12  paramiko.transport: Secsh channel 0 opened.
DEB [20170829-22:23:29.967] thr=12  paramiko.transport: [chan 0] Sesch channel 0 request ok
DEB [20170829-22:23:30.078] thr=12  paramiko.transport: [chan 0] EOF received (0)
DEB [20170829-22:28:25.625] thr=14  paramiko.transport: starting thread (client mode): 0x5245990L
DEB [20170829-22:28:25.625] thr=14  paramiko.transport: Local version/idstring: SSH-2.0-paramiko_2.0.2
DEB [20170829-22:28:25.631] thr=14  paramiko.transport: Remote version/idstring: SSH-2.0-OpenSSH_5.3
INF [20170829-22:28:25.631] thr=14  paramiko.transport: Connected (version 2.0, client OpenSSH_5.3)
DEB [20170829-22:28:25.632] thr=14  paramiko.transport: kex algos:[u'diffie-hellman-group-exchange-sha256', u'diffie-hellman-group-exchange-sha1', u'diffie-hellman-group14-sha1', u'diffie-hellman-group1-sha1'] server key:[u'ssh-rsa', u'ssh-dss'] client encrypt:[u'aes128-ctr', u'aes192-ctr', u'aes256-ctr', u'arcfour256', u'arcfour128', u'aes128-cbc', u'3des-cbc', u'blowfish-cbc', u'cast128-cbc', u'aes192-cbc', u'aes256-cbc', u'arcfour', u'rijndael-cbc@lysator.liu.se'] server encrypt:[u'aes128-ctr', u'aes192-ctr', u'aes256-ctr', u'arcfour256', u'arcfour128', u'aes128-cbc', u'3des-cbc', u'blowfish-cbc', u'cast128-cbc', u'aes192-cbc', u'aes256-cbc', u'arcfour', u'rijndael-cbc@lysator.liu.se'] client mac:[u'hmac-md5', u'hmac-sha1', u'umac-64@openssh.com', u'hmac-sha2-256', u'hmac-sha2-512', u'hmac-ripemd160', u'hmac-ripemd160@openssh.com', u'hmac-sha1-96', u'hmac-md5-96'] server mac:[u'hmac-md5', u'hmac-sha1', u'umac-64@openssh.com', u'hmac-sha2-256', u'hmac-sha2-512', u'hmac-ripemd160', u'hmac-ripemd160@openssh.com', u'hmac-sha1-96', u'hmac-md5-96'] client compress:[u'none', u'zlib@openssh.com'] server compress:[u'none', u'zlib@openssh.com'] client lang:[u''] server lang:[u''] kex follows?False
DEB [20170829-22:28:25.632] thr=14  paramiko.transport: Kex agreed: diffie-hellman-group1-sha1
DEB [20170829-22:28:25.632] thr=14  paramiko.transport: Cipher agreed: aes128-ctr
DEB [20170829-22:28:25.632] thr=14  paramiko.transport: MAC agreed: hmac-sha2-256
DEB [20170829-22:28:25.632] thr=14  paramiko.transport: Compression agreed: none
DEB [20170829-22:28:25.674] thr=14  paramiko.transport: kex engine KexGroup1 specified hash_algo <built-in function openssl_sha1>
DEB [20170829-22:28:25.674] thr=14  paramiko.transport: Switch to new keys ...
DEB [20170829-22:28:25.690] thr=15  paramiko.transport: Adding ssh-rsa host key for 192.168.1.11: 6603bbd6c6af0d29871c644c2336656c
DEB [20170829-22:28:25.713] thr=14  paramiko.transport: userauth is OK
INF [20170829-22:28:25.730] thr=14  paramiko.transport: Authentication (password) successful!
DEB [20170829-22:28:25.756] thr=15  paramiko.transport: [chan 0] Max packet in: 32768 bytes
DEB [20170829-22:28:25.823] thr=14  paramiko.transport: [chan 0] Max packet out: 32768 bytes
DEB [20170829-22:28:25.823] thr=14  paramiko.transport: Secsh channel 0 opened.
DEB [20170829-22:28:25.858] thr=14  paramiko.transport: [chan 0] Sesch channel 0 request ok
DEB [20170829-22:28:25.956] thr=14  paramiko.transport: [chan 0] EOF received (0)
